Copyright 1986-2018 Xilinx, Inc. All Rights Reserved.
--------------------------------------------------------------------------------------------------------------------------------------------------------------------------------------------------------
| Tool Version : Vivado v.2018.2 (win64) Build 2258646 Thu Jun 14 20:03:12 MDT 2018
| Date         : Sat Mar  7 22:35:09 2026
| Host         : DESKTOP-ET6S6H0 running 64-bit major release  (build 9200)
| Command      : report_timing_summary -max_paths 10 -file Top_Student_timing_summary_routed.rpt -pb Top_Student_timing_summary_routed.pb -rpx Top_Student_timing_summary_routed.rpx -warn_on_violation
| Design       : Top_Student
| Device       : 7a35t-cpg236
| Speed File   : -1  PRODUCTION 1.22 2018-03-21
--------------------------------------------------------------------------------------------------------------------------------------------------------------------------------------------------------

Timing Summary Report

------------------------------------------------------------------------------------------------
| Timer Settings
| --------------
------------------------------------------------------------------------------------------------

  Enable Multi Corner Analysis               :  Yes
  Enable Pessimism Removal                   :  Yes
  Pessimism Removal Resolution               :  Nearest Common Node
  Enable Input Delay Default Clock           :  No
  Enable Preset / Clear Arcs                 :  No
  Disable Flight Delays                      :  No
  Ignore I/O Paths                           :  No
  Timing Early Launch at Borrowing Latches   :  false

  Corner  Analyze    Analyze    
  Name    Max Paths  Min Paths  
  ------  ---------  ---------  
  Slow    Yes        Yes        
  Fast    Yes        Yes        



check_timing report

Table of Contents
-----------------
1. checking no_clock
2. checking constant_clock
3. checking pulse_width_clock
4. checking unconstrained_internal_endpoints
5. checking no_input_delay
6. checking no_output_delay
7. checking multiple_clock
8. checking generated_clocks
9. checking loops
10. checking partial_input_delay
11. checking partial_output_delay
12. checking latch_loops

1. checking no_clock
--------------------
 There are 126 register/latch pins with no clock driven by root clock pin: clock/custom_clock_reg/Q (HIGH)


2. checking constant_clock
--------------------------
 There are 0 register/latch pins with constant_clock.


3. checking pulse_width_clock
-----------------------------
 There are 0 register/latch pins which need pulse_width check


4. checking unconstrained_internal_endpoints
--------------------------------------------
 There are 300 pins that are not constrained for maximum delay. (HIGH)

 There are 0 pins that are not constrained for maximum delay due to constant clock.


5. checking no_input_delay
--------------------------
 There are 3 input ports with no input delay specified. (HIGH)

 There are 0 input ports with no input delay but user has a false path constraint.


6. checking no_output_delay
---------------------------
 There are 6 ports with no output delay specified. (HIGH)

 There are 0 ports with no output delay but user has a false path constraint

 There are 0 ports with no output delay but with a timing clock defined on it or propagating through it


7. checking multiple_clock
--------------------------
 There are 0 register/latch pins with multiple clocks.


8. checking generated_clocks
----------------------------
 There are 0 generated clocks that are not connected to a clock source.


9. checking loops
-----------------
 There are 0 combinational loops in the design.


10. checking partial_input_delay
--------------------------------
 There are 0 input ports with partial input delay specified.


11. checking partial_output_delay
---------------------------------
 There are 0 ports with partial output delay specified.


12. checking latch_loops
------------------------
 There are 0 combinational latch loops in the design through latch input



------------------------------------------------------------------------------------------------
| Design Timing Summary
| ---------------------
------------------------------------------------------------------------------------------------

    WNS(ns)      TNS(ns)  TNS Failing Endpoints  TNS Total Endpoints      WHS(ns)      THS(ns)  THS Failing Endpoints  THS Total Endpoints     WPWS(ns)     TPWS(ns)  TPWS Failing Endpoints  TPWS Total Endpoints  
    -------      -------  ---------------------  -------------------      -------      -------  ---------------------  -------------------     --------     --------  ----------------------  --------------------  
      7.363        0.000                      0                    9        0.202        0.000                      0                    9        4.500        0.000                       0                     6  


All user specified timing constraints are met.


------------------------------------------------------------------------------------------------
| Clock Summary
| -------------
------------------------------------------------------------------------------------------------

Clock        Waveform(ns)       Period(ns)      Frequency(MHz)
-----        ------------       ----------      --------------
sys_clk_pin  {0.000 5.000}      10.000          100.000         


------------------------------------------------------------------------------------------------
| Intra Clock Table
| -----------------
------------------------------------------------------------------------------------------------

Clock             WNS(ns)      TNS(ns)  TNS Failing Endpoints  TNS Total Endpoints      WHS(ns)      THS(ns)  THS Failing Endpoints  THS Total Endpoints     WPWS(ns)     TPWS(ns)  TPWS Failing Endpoints  TPWS Total Endpoints  
-----             -------      -------  ---------------------  -------------------      -------      -------  ---------------------  -------------------     --------     --------  ----------------------  --------------------  
sys_clk_pin         7.363        0.000                      0                    9        0.202        0.000                      0                    9        4.500        0.000                       0                     6  


------------------------------------------------------------------------------------------------
| Inter Clock Table
| -----------------
------------------------------------------------------------------------------------------------

From Clock    To Clock          WNS(ns)      TNS(ns)  TNS Failing Endpoints  TNS Total Endpoints      WHS(ns)      THS(ns)  THS Failing Endpoints  THS Total Endpoints  
----------    --------          -------      -------  ---------------------  -------------------      -------      -------  ---------------------  -------------------  


------------------------------------------------------------------------------------------------
| Other Path Groups Table
| -----------------------
------------------------------------------------------------------------------------------------

Path Group    From Clock    To Clock          WNS(ns)      TNS(ns)  TNS Failing Endpoints  TNS Total Endpoints      WHS(ns)      THS(ns)  THS Failing Endpoints  THS Total Endpoints  
----------    ----------    --------          -------      -------  ---------------------  -------------------      -------      -------  ---------------------  -------------------  


------------------------------------------------------------------------------------------------
| Timing Details
| --------------
------------------------------------------------------------------------------------------------


---------------------------------------------------------------------------------------------------
From Clock:  sys_clk_pin
  To Clock:  sys_clk_pin

Setup :            0  Failing Endpoints,  Worst Slack        7.363ns,  Total Violation        0.000ns
Hold  :            0  Failing Endpoints,  Worst Slack        0.202ns,  Total Violation        0.000ns
PW    :            0  Failing Endpoints,  Worst Slack        4.500ns,  Total Violation        0.000ns
---------------------------------------------------------------------------------------------------


Max Delay Paths
--------------------------------------------------------------------------------------
Slack (MET) :             7.363ns  (required time - arrival time)
  Source:                 clock/COUNT_reg[3]/C
                            (rising edge-triggered cell FDRE clocked by sys_clk_pin  {rise@0.000ns fall@5.000ns period=10.000ns})
  Destination:            clock/COUNT_reg[0]/R
                            (rising edge-triggered cell FDRE clocked by sys_clk_pin  {rise@0.000ns fall@5.000ns period=10.000ns})
  Path Group:             sys_clk_pin
  Path Type:              Setup (Max at Slow Process Corner)
  Requirement:            10.000ns  (sys_clk_pin rise@10.000ns - sys_clk_pin rise@0.000ns)
  Data Path Delay:        2.172ns  (logic 0.715ns (32.915%)  route 1.457ns (67.085%))
  Logic Levels:           1  (LUT4=1)
  Clock Path Skew:        0.000ns (DCD - SCD + CPR)
    Destination Clock Delay (DCD):    4.785ns = ( 14.785 - 10.000 ) 
    Source Clock Delay      (SCD):    5.085ns
    Clock Pessimism Removal (CPR):    0.300ns
  Clock Uncertainty:      0.035ns  ((TSJ^2 + TIJ^2)^1/2 + DJ) / 2 + PE
    Total System Jitter     (TSJ):    0.071ns
    Total Input Jitter      (TIJ):    0.000ns
    Discrete Jitter          (DJ):    0.000ns
    Phase Error              (PE):    0.000ns

    Location             Delay type                Incr(ns)  Path(ns)    Netlist Resource(s)
  -------------------------------------------------------------------    -------------------
                         (clock sys_clk_pin rise edge)
                                                      0.000     0.000 r  
    W5                                                0.000     0.000 r  basys3_clock (IN)
                         net (fo=0)                   0.000     0.000    basys3_clock
    W5                   IBUF (Prop_ibuf_I_O)         1.458     1.458 r  basys3_clock_IBUF_inst/O
                         net (fo=1, routed)           1.967     3.425    basys3_clock_IBUF
    BUFGCTRL_X0Y1        BUFG (Prop_bufg_I_O)         0.096     3.521 r  basys3_clock_IBUF_BUFG_inst/O
                         net (fo=5, routed)           1.564     5.085    clock/basys3_clock
    SLICE_X37Y41         FDRE                                         r  clock/COUNT_reg[3]/C
  -------------------------------------------------------------------    -------------------
    SLICE_X37Y41         FDRE (Prop_fdre_C_Q)         0.419     5.504 f  clock/COUNT_reg[3]/Q
                         net (fo=3, routed)           0.835     6.340    clock/COUNT_reg__0[3]
    SLICE_X37Y41         LUT4 (Prop_lut4_I0_O)        0.296     6.636 r  clock/COUNT0/O
                         net (fo=4, routed)           0.622     7.258    clock/clear
    SLICE_X37Y41         FDRE                                         r  clock/COUNT_reg[0]/R
  -------------------------------------------------------------------    -------------------

                         (clock sys_clk_pin rise edge)
                                                     10.000    10.000 r  
    W5                                                0.000    10.000 r  basys3_clock (IN)
                         net (fo=0)                   0.000    10.000    basys3_clock
    W5                   IBUF (Prop_ibuf_I_O)         1.388    11.388 r  basys3_clock_IBUF_inst/O
                         net (fo=1, routed)           1.862    13.250    basys3_clock_IBUF
    BUFGCTRL_X0Y1        BUFG (Prop_bufg_I_O)         0.091    13.341 r  basys3_clock_IBUF_BUFG_inst/O
                         net (fo=5, routed)           1.444    14.785    clock/basys3_clock
    SLICE_X37Y41         FDRE                                         r  clock/COUNT_reg[0]/C
                         clock pessimism              0.300    15.085    
                         clock uncertainty           -0.035    15.050    
    SLICE_X37Y41         FDRE (Setup_fdre_C_R)       -0.429    14.621    clock/COUNT_reg[0]
  -------------------------------------------------------------------
                         required time                         14.621    
                         arrival time                          -7.258    
  -------------------------------------------------------------------
                         slack                                  7.363    

Slack (MET) :             7.363ns  (required time - arrival time)
  Source:                 clock/COUNT_reg[3]/C
                            (rising edge-triggered cell FDRE clocked by sys_clk_pin  {rise@0.000ns fall@5.000ns period=10.000ns})
  Destination:            clock/COUNT_reg[1]/R
                            (rising edge-triggered cell FDRE clocked by sys_clk_pin  {rise@0.000ns fall@5.000ns period=10.000ns})
  Path Group:             sys_clk_pin
  Path Type:              Setup (Max at Slow Process Corner)
  Requirement:            10.000ns  (sys_clk_pin rise@10.000ns - sys_clk_pin rise@0.000ns)
  Data Path Delay:        2.172ns  (logic 0.715ns (32.915%)  route 1.457ns (67.085%))
  Logic Levels:           1  (LUT4=1)
  Clock Path Skew:        0.000ns (DCD - SCD + CPR)
    Destination Clock Delay (DCD):    4.785ns = ( 14.785 - 10.000 ) 
    Source Clock Delay      (SCD):    5.085ns
    Clock Pessimism Removal (CPR):    0.300ns
  Clock Uncertainty:      0.035ns  ((TSJ^2 + TIJ^2)^1/2 + DJ) / 2 + PE
    Total System Jitter     (TSJ):    0.071ns
    Total Input Jitter      (TIJ):    0.000ns
    Discrete Jitter          (DJ):    0.000ns
    Phase Error              (PE):    0.000ns

    Location             Delay type                Incr(ns)  Path(ns)    Netlist Resource(s)
  -------------------------------------------------------------------    -------------------
                         (clock sys_clk_pin rise edge)
                                                      0.000     0.000 r  
    W5                                                0.000     0.000 r  basys3_clock (IN)
                         net (fo=0)                   0.000     0.000    basys3_clock
    W5                   IBUF (Prop_ibuf_I_O)         1.458     1.458 r  basys3_clock_IBUF_inst/O
                         net (fo=1, routed)           1.967     3.425    basys3_clock_IBUF
    BUFGCTRL_X0Y1        BUFG (Prop_bufg_I_O)         0.096     3.521 r  basys3_clock_IBUF_BUFG_inst/O
                         net (fo=5, routed)           1.564     5.085    clock/basys3_clock
    SLICE_X37Y41         FDRE                                         r  clock/COUNT_reg[3]/C
  -------------------------------------------------------------------    -------------------
    SLICE_X37Y41         FDRE (Prop_fdre_C_Q)         0.419     5.504 f  clock/COUNT_reg[3]/Q
                         net (fo=3, routed)           0.835     6.340    clock/COUNT_reg__0[3]
    SLICE_X37Y41         LUT4 (Prop_lut4_I0_O)        0.296     6.636 r  clock/COUNT0/O
                         net (fo=4, routed)           0.622     7.258    clock/clear
    SLICE_X37Y41         FDRE                                         r  clock/COUNT_reg[1]/R
  -------------------------------------------------------------------    -------------------

                         (clock sys_clk_pin rise edge)
                                                     10.000    10.000 r  
    W5                                                0.000    10.000 r  basys3_clock (IN)
                         net (fo=0)                   0.000    10.000    basys3_clock
    W5                   IBUF (Prop_ibuf_I_O)         1.388    11.388 r  basys3_clock_IBUF_inst/O
                         net (fo=1, routed)           1.862    13.250    basys3_clock_IBUF
    BUFGCTRL_X0Y1        BUFG (Prop_bufg_I_O)         0.091    13.341 r  basys3_clock_IBUF_BUFG_inst/O
                         net (fo=5, routed)           1.444    14.785    clock/basys3_clock
    SLICE_X37Y41         FDRE                                         r  clock/COUNT_reg[1]/C
                         clock pessimism              0.300    15.085    
                         clock uncertainty           -0.035    15.050    
    SLICE_X37Y41         FDRE (Setup_fdre_C_R)       -0.429    14.621    clock/COUNT_reg[1]
  -------------------------------------------------------------------
                         required time                         14.621    
                         arrival time                          -7.258    
  -------------------------------------------------------------------
                         slack                                  7.363    

Slack (MET) :             7.363ns  (required time - arrival time)
  Source:                 clock/COUNT_reg[3]/C
                            (rising edge-triggered cell FDRE clocked by sys_clk_pin  {rise@0.000ns fall@5.000ns period=10.000ns})
  Destination:            clock/COUNT_reg[2]/R
                            (rising edge-triggered cell FDRE clocked by sys_clk_pin  {rise@0.000ns fall@5.000ns period=10.000ns})
  Path Group:             sys_clk_pin
  Path Type:              Setup (Max at Slow Process Corner)
  Requirement:            10.000ns  (sys_clk_pin rise@10.000ns - sys_clk_pin rise@0.000ns)
  Data Path Delay:        2.172ns  (logic 0.715ns (32.915%)  route 1.457ns (67.085%))
  Logic Levels:           1  (LUT4=1)
  Clock Path Skew:        0.000ns (DCD - SCD + CPR)
    Destination Clock Delay (DCD):    4.785ns = ( 14.785 - 10.000 ) 
    Source Clock Delay      (SCD):    5.085ns
    Clock Pessimism Removal (CPR):    0.300ns
  Clock Uncertainty:      0.035ns  ((TSJ^2 + TIJ^2)^1/2 + DJ) / 2 + PE
    Total System Jitter     (TSJ):    0.071ns
    Total Input Jitter      (TIJ):    0.000ns
    Discrete Jitter          (DJ):    0.000ns
    Phase Error              (PE):    0.000ns

    Location             Delay type                Incr(ns)  Path(ns)    Netlist Resource(s)
  -------------------------------------------------------------------    -------------------
                         (clock sys_clk_pin rise edge)
                                                      0.000     0.000 r  
    W5                                                0.000     0.000 r  basys3_clock (IN)
                         net (fo=0)                   0.000     0.000    basys3_clock
    W5                   IBUF (Prop_ibuf_I_O)         1.458     1.458 r  basys3_clock_IBUF_inst/O
                         net (fo=1, routed)           1.967     3.425    basys3_clock_IBUF
    BUFGCTRL_X0Y1        BUFG (Prop_bufg_I_O)         0.096     3.521 r  basys3_clock_IBUF_BUFG_inst/O
                         net (fo=5, routed)           1.564     5.085    clock/basys3_clock
    SLICE_X37Y41         FDRE                                         r  clock/COUNT_reg[3]/C
  -------------------------------------------------------------------    -------------------
    SLICE_X37Y41         FDRE (Prop_fdre_C_Q)         0.419     5.504 f  clock/COUNT_reg[3]/Q
                         net (fo=3, routed)           0.835     6.340    clock/COUNT_reg__0[3]
    SLICE_X37Y41         LUT4 (Prop_lut4_I0_O)        0.296     6.636 r  clock/COUNT0/O
                         net (fo=4, routed)           0.622     7.258    clock/clear
    SLICE_X37Y41         FDRE                                         r  clock/COUNT_reg[2]/R
  -------------------------------------------------------------------    -------------------

                         (clock sys_clk_pin rise edge)
                                                     10.000    10.000 r  
    W5                                                0.000    10.000 r  basys3_clock (IN)
                         net (fo=0)                   0.000    10.000    basys3_clock
    W5                   IBUF (Prop_ibuf_I_O)         1.388    11.388 r  basys3_clock_IBUF_inst/O
                         net (fo=1, routed)           1.862    13.250    basys3_clock_IBUF
    BUFGCTRL_X0Y1        BUFG (Prop_bufg_I_O)         0.091    13.341 r  basys3_clock_IBUF_BUFG_inst/O
                         net (fo=5, routed)           1.444    14.785    clock/basys3_clock
    SLICE_X37Y41         FDRE                                         r  clock/COUNT_reg[2]/C
                         clock pessimism              0.300    15.085    
                         clock uncertainty           -0.035    15.050    
    SLICE_X37Y41         FDRE (Setup_fdre_C_R)       -0.429    14.621    clock/COUNT_reg[2]
  -------------------------------------------------------------------
                         required time                         14.621    
                         arrival time                          -7.258    
  -------------------------------------------------------------------
                         slack                                  7.363    

Slack (MET) :             7.363ns  (required time - arrival time)
  Source:                 clock/COUNT_reg[3]/C
                            (rising edge-triggered cell FDRE clocked by sys_clk_pin  {rise@0.000ns fall@5.000ns period=10.000ns})
  Destination:            clock/COUNT_reg[3]/R
                            (rising edge-triggered cell FDRE clocked by sys_clk_pin  {rise@0.000ns fall@5.000ns period=10.000ns})
  Path Group:             sys_clk_pin
  Path Type:              Setup (Max at Slow Process Corner)
  Requirement:            10.000ns  (sys_clk_pin rise@10.000ns - sys_clk_pin rise@0.000ns)
  Data Path Delay:        2.172ns  (logic 0.715ns (32.915%)  route 1.457ns (67.085%))
  Logic Levels:           1  (LUT4=1)
  Clock Path Skew:        0.000ns (DCD - SCD + CPR)
    Destination Clock Delay (DCD):    4.785ns = ( 14.785 - 10.000 ) 
    Source Clock Delay      (SCD):    5.085ns
    Clock Pessimism Removal (CPR):    0.300ns
  Clock Uncertainty:      0.035ns  ((TSJ^2 + TIJ^2)^1/2 + DJ) / 2 + PE
    Total System Jitter     (TSJ):    0.071ns
    Total Input Jitter      (TIJ):    0.000ns
    Discrete Jitter          (DJ):    0.000ns
    Phase Error              (PE):    0.000ns

    Location             Delay type                Incr(ns)  Path(ns)    Netlist Resource(s)
  -------------------------------------------------------------------    -------------------
                         (clock sys_clk_pin rise edge)
                                                      0.000     0.000 r  
    W5                                                0.000     0.000 r  basys3_clock (IN)
                         net (fo=0)                   0.000     0.000    basys3_clock
    W5                   IBUF (Prop_ibuf_I_O)         1.458     1.458 r  basys3_clock_IBUF_inst/O
                         net (fo=1, routed)           1.967     3.425    basys3_clock_IBUF
    BUFGCTRL_X0Y1        BUFG (Prop_bufg_I_O)         0.096     3.521 r  basys3_clock_IBUF_BUFG_inst/O
                         net (fo=5, routed)           1.564     5.085    clock/basys3_clock
    SLICE_X37Y41         FDRE                                         r  clock/COUNT_reg[3]/C
  -------------------------------------------------------------------    -------------------
    SLICE_X37Y41         FDRE (Prop_fdre_C_Q)         0.419     5.504 f  clock/COUNT_reg[3]/Q
                         net (fo=3, routed)           0.835     6.340    clock/COUNT_reg__0[3]
    SLICE_X37Y41         LUT4 (Prop_lut4_I0_O)        0.296     6.636 r  clock/COUNT0/O
                         net (fo=4, routed)           0.622     7.258    clock/clear
    SLICE_X37Y41         FDRE                                         r  clock/COUNT_reg[3]/R
  -------------------------------------------------------------------    -------------------

                         (clock sys_clk_pin rise edge)
                                                     10.000    10.000 r  
    W5                                                0.000    10.000 r  basys3_clock (IN)
                         net (fo=0)                   0.000    10.000    basys3_clock
    W5                   IBUF (Prop_ibuf_I_O)         1.388    11.388 r  basys3_clock_IBUF_inst/O
                         net (fo=1, routed)           1.862    13.250    basys3_clock_IBUF
    BUFGCTRL_X0Y1        BUFG (Prop_bufg_I_O)         0.091    13.341 r  basys3_clock_IBUF_BUFG_inst/O
                         net (fo=5, routed)           1.444    14.785    clock/basys3_clock
    SLICE_X37Y41         FDRE                                         r  clock/COUNT_reg[3]/C
                         clock pessimism              0.300    15.085    
                         clock uncertainty           -0.035    15.050    
    SLICE_X37Y41         FDRE (Setup_fdre_C_R)       -0.429    14.621    clock/COUNT_reg[3]
  -------------------------------------------------------------------
                         required time                         14.621    
                         arrival time                          -7.258    
  -------------------------------------------------------------------
                         slack                                  7.363    

Slack (MET) :             8.219ns  (required time - arrival time)
  Source:                 clock/COUNT_reg[1]/C
                            (rising edge-triggered cell FDRE clocked by sys_clk_pin  {rise@0.000ns fall@5.000ns period=10.000ns})
  Destination:            clock/COUNT_reg[1]/D
                            (rising edge-triggered cell FDRE clocked by sys_clk_pin  {rise@0.000ns fall@5.000ns period=10.000ns})
  Path Group:             sys_clk_pin
  Path Type:              Setup (Max at Slow Process Corner)
  Requirement:            10.000ns  (sys_clk_pin rise@10.000ns - sys_clk_pin rise@0.000ns)
  Data Path Delay:        1.821ns  (logic 0.746ns (40.965%)  route 1.075ns (59.035%))
  Logic Levels:           1  (LUT2=1)
  Clock Path Skew:        0.000ns (DCD - SCD + CPR)
    Destination Clock Delay (DCD):    4.785ns = ( 14.785 - 10.000 ) 
    Source Clock Delay      (SCD):    5.085ns
    Clock Pessimism Removal (CPR):    0.300ns
  Clock Uncertainty:      0.035ns  ((TSJ^2 + TIJ^2)^1/2 + DJ) / 2 + PE
    Total System Jitter     (TSJ):    0.071ns
    Total Input Jitter      (TIJ):    0.000ns
    Discrete Jitter          (DJ):    0.000ns
    Phase Error              (PE):    0.000ns

    Location             Delay type                Incr(ns)  Path(ns)    Netlist Resource(s)
  -------------------------------------------------------------------    -------------------
                         (clock sys_clk_pin rise edge)
                                                      0.000     0.000 r  
    W5                                                0.000     0.000 r  basys3_clock (IN)
                         net (fo=0)                   0.000     0.000    basys3_clock
    W5                   IBUF (Prop_ibuf_I_O)         1.458     1.458 r  basys3_clock_IBUF_inst/O
                         net (fo=1, routed)           1.967     3.425    basys3_clock_IBUF
    BUFGCTRL_X0Y1        BUFG (Prop_bufg_I_O)         0.096     3.521 r  basys3_clock_IBUF_BUFG_inst/O
                         net (fo=5, routed)           1.564     5.085    clock/basys3_clock
    SLICE_X37Y41         FDRE                                         r  clock/COUNT_reg[1]/C
  -------------------------------------------------------------------    -------------------
    SLICE_X37Y41         FDRE (Prop_fdre_C_Q)         0.419     5.504 r  clock/COUNT_reg[1]/Q
                         net (fo=5, routed)           1.075     6.579    clock/COUNT_reg__0[1]
    SLICE_X37Y41         LUT2 (Prop_lut2_I1_O)        0.327     6.906 r  clock/COUNT[1]_i_1/O
                         net (fo=1, routed)           0.000     6.906    clock/p_0_in__0[1]
    SLICE_X37Y41         FDRE                                         r  clock/COUNT_reg[1]/D
  -------------------------------------------------------------------    -------------------

                         (clock sys_clk_pin rise edge)
                                                     10.000    10.000 r  
    W5                                                0.000    10.000 r  basys3_clock (IN)
                         net (fo=0)                   0.000    10.000    basys3_clock
    W5                   IBUF (Prop_ibuf_I_O)         1.388    11.388 r  basys3_clock_IBUF_inst/O
                         net (fo=1, routed)           1.862    13.250    basys3_clock_IBUF
    BUFGCTRL_X0Y1        BUFG (Prop_bufg_I_O)         0.091    13.341 r  basys3_clock_IBUF_BUFG_inst/O
                         net (fo=5, routed)           1.444    14.785    clock/basys3_clock
    SLICE_X37Y41         FDRE                                         r  clock/COUNT_reg[1]/C
                         clock pessimism              0.300    15.085    
                         clock uncertainty           -0.035    15.050    
    SLICE_X37Y41         FDRE (Setup_fdre_C_D)        0.075    15.125    clock/COUNT_reg[1]
  -------------------------------------------------------------------
                         required time                         15.125    
                         arrival time                          -6.906    
  -------------------------------------------------------------------
                         slack                                  8.219    

Slack (MET) :             8.238ns  (required time - arrival time)
  Source:                 clock/COUNT_reg[1]/C
                            (rising edge-triggered cell FDRE clocked by sys_clk_pin  {rise@0.000ns fall@5.000ns period=10.000ns})
  Destination:            clock/COUNT_reg[2]/D
                            (rising edge-triggered cell FDRE clocked by sys_clk_pin  {rise@0.000ns fall@5.000ns period=10.000ns})
  Path Group:             sys_clk_pin
  Path Type:              Setup (Max at Slow Process Corner)
  Requirement:            10.000ns  (sys_clk_pin rise@10.000ns - sys_clk_pin rise@0.000ns)
  Data Path Delay:        1.758ns  (logic 0.718ns (40.853%)  route 1.040ns (59.147%))
  Logic Levels:           1  (LUT3=1)
  Clock Path Skew:        0.000ns (DCD - SCD + CPR)
    Destination Clock Delay (DCD):    4.785ns = ( 14.785 - 10.000 ) 
    Source Clock Delay      (SCD):    5.085ns
    Clock Pessimism Removal (CPR):    0.300ns
  Clock Uncertainty:      0.035ns  ((TSJ^2 + TIJ^2)^1/2 + DJ) / 2 + PE
    Total System Jitter     (TSJ):    0.071ns
    Total Input Jitter      (TIJ):    0.000ns
    Discrete Jitter          (DJ):    0.000ns
    Phase Error              (PE):    0.000ns

    Location             Delay type                Incr(ns)  Path(ns)    Netlist Resource(s)
  -------------------------------------------------------------------    -------------------
                         (clock sys_clk_pin rise edge)
                                                      0.000     0.000 r  
    W5                                                0.000     0.000 r  basys3_clock (IN)
                         net (fo=0)                   0.000     0.000    basys3_clock
    W5                   IBUF (Prop_ibuf_I_O)         1.458     1.458 r  basys3_clock_IBUF_inst/O
                         net (fo=1, routed)           1.967     3.425    basys3_clock_IBUF
    BUFGCTRL_X0Y1        BUFG (Prop_bufg_I_O)         0.096     3.521 r  basys3_clock_IBUF_BUFG_inst/O
                         net (fo=5, routed)           1.564     5.085    clock/basys3_clock
    SLICE_X37Y41         FDRE                                         r  clock/COUNT_reg[1]/C
  -------------------------------------------------------------------    -------------------
    SLICE_X37Y41         FDRE (Prop_fdre_C_Q)         0.419     5.504 r  clock/COUNT_reg[1]/Q
                         net (fo=5, routed)           1.040     6.544    clock/COUNT_reg__0[1]
    SLICE_X37Y41         LUT3 (Prop_lut3_I0_O)        0.299     6.843 r  clock/COUNT[2]_i_1/O
                         net (fo=1, routed)           0.000     6.843    clock/COUNT[2]_i_1_n_0
    SLICE_X37Y41         FDRE                                         r  clock/COUNT_reg[2]/D
  -------------------------------------------------------------------    -------------------

                         (clock sys_clk_pin rise edge)
                                                     10.000    10.000 r  
    W5                                                0.000    10.000 r  basys3_clock (IN)
                         net (fo=0)                   0.000    10.000    basys3_clock
    W5                   IBUF (Prop_ibuf_I_O)         1.388    11.388 r  basys3_clock_IBUF_inst/O
                         net (fo=1, routed)           1.862    13.250    basys3_clock_IBUF
    BUFGCTRL_X0Y1        BUFG (Prop_bufg_I_O)         0.091    13.341 r  basys3_clock_IBUF_BUFG_inst/O
                         net (fo=5, routed)           1.444    14.785    clock/basys3_clock
    SLICE_X37Y41         FDRE                                         r  clock/COUNT_reg[2]/C
                         clock pessimism              0.300    15.085    
                         clock uncertainty           -0.035    15.050    
    SLICE_X37Y41         FDRE (Setup_fdre_C_D)        0.031    15.081    clock/COUNT_reg[2]
  -------------------------------------------------------------------
                         required time                         15.081    
                         arrival time                          -6.843    
  -------------------------------------------------------------------
                         slack                                  8.238    

Slack (MET) :             8.256ns  (required time - arrival time)
  Source:                 clock/COUNT_reg[1]/C
                            (rising edge-triggered cell FDRE clocked by sys_clk_pin  {rise@0.000ns fall@5.000ns period=10.000ns})
  Destination:            clock/COUNT_reg[3]/D
                            (rising edge-triggered cell FDRE clocked by sys_clk_pin  {rise@0.000ns fall@5.000ns period=10.000ns})
  Path Group:             sys_clk_pin
  Path Type:              Setup (Max at Slow Process Corner)
  Requirement:            10.000ns  (sys_clk_pin rise@10.000ns - sys_clk_pin rise@0.000ns)
  Data Path Delay:        1.784ns  (logic 0.744ns (41.715%)  route 1.040ns (58.285%))
  Logic Levels:           1  (LUT4=1)
  Clock Path Skew:        0.000ns (DCD - SCD + CPR)
    Destination Clock Delay (DCD):    4.785ns = ( 14.785 - 10.000 ) 
    Source Clock Delay      (SCD):    5.085ns
    Clock Pessimism Removal (CPR):    0.300ns
  Clock Uncertainty:      0.035ns  ((TSJ^2 + TIJ^2)^1/2 + DJ) / 2 + PE
    Total System Jitter     (TSJ):    0.071ns
    Total Input Jitter      (TIJ):    0.000ns
    Discrete Jitter          (DJ):    0.000ns
    Phase Error              (PE):    0.000ns

    Location             Delay type                Incr(ns)  Path(ns)    Netlist Resource(s)
  -------------------------------------------------------------------    -------------------
                         (clock sys_clk_pin rise edge)
                                                      0.000     0.000 r  
    W5                                                0.000     0.000 r  basys3_clock (IN)
                         net (fo=0)                   0.000     0.000    basys3_clock
    W5                   IBUF (Prop_ibuf_I_O)         1.458     1.458 r  basys3_clock_IBUF_inst/O
                         net (fo=1, routed)           1.967     3.425    basys3_clock_IBUF
    BUFGCTRL_X0Y1        BUFG (Prop_bufg_I_O)         0.096     3.521 r  basys3_clock_IBUF_BUFG_inst/O
                         net (fo=5, routed)           1.564     5.085    clock/basys3_clock
    SLICE_X37Y41         FDRE                                         r  clock/COUNT_reg[1]/C
  -------------------------------------------------------------------    -------------------
    SLICE_X37Y41         FDRE (Prop_fdre_C_Q)         0.419     5.504 r  clock/COUNT_reg[1]/Q
                         net (fo=5, routed)           1.040     6.544    clock/COUNT_reg__0[1]
    SLICE_X37Y41         LUT4 (Prop_lut4_I1_O)        0.325     6.869 r  clock/COUNT[3]_i_1/O
                         net (fo=1, routed)           0.000     6.869    clock/p_0_in__0[3]
    SLICE_X37Y41         FDRE                                         r  clock/COUNT_reg[3]/D
  -------------------------------------------------------------------    -------------------

                         (clock sys_clk_pin rise edge)
                                                     10.000    10.000 r  
    W5                                                0.000    10.000 r  basys3_clock (IN)
                         net (fo=0)                   0.000    10.000    basys3_clock
    W5                   IBUF (Prop_ibuf_I_O)         1.388    11.388 r  basys3_clock_IBUF_inst/O
                         net (fo=1, routed)           1.862    13.250    basys3_clock_IBUF
    BUFGCTRL_X0Y1        BUFG (Prop_bufg_I_O)         0.091    13.341 r  basys3_clock_IBUF_BUFG_inst/O
                         net (fo=5, routed)           1.444    14.785    clock/basys3_clock
    SLICE_X37Y41         FDRE                                         r  clock/COUNT_reg[3]/C
                         clock pessimism              0.300    15.085    
                         clock uncertainty           -0.035    15.050    
    SLICE_X37Y41         FDRE (Setup_fdre_C_D)        0.075    15.125    clock/COUNT_reg[3]
  -------------------------------------------------------------------
                         required time                         15.125    
                         arrival time                          -6.869    
  -------------------------------------------------------------------
                         slack                                  8.256    

Slack (MET) :             8.361ns  (required time - arrival time)
  Source:                 clock/COUNT_reg[1]/C
                            (rising edge-triggered cell FDRE clocked by sys_clk_pin  {rise@0.000ns fall@5.000ns period=10.000ns})
  Destination:            clock/custom_clock_reg/D
                            (rising edge-triggered cell FDRE clocked by sys_clk_pin  {rise@0.000ns fall@5.000ns period=10.000ns})
  Path Group:             sys_clk_pin
  Path Type:              Setup (Max at Slow Process Corner)
  Requirement:            10.000ns  (sys_clk_pin rise@10.000ns - sys_clk_pin rise@0.000ns)
  Data Path Delay:        1.611ns  (logic 0.718ns (44.582%)  route 0.893ns (55.418%))
  Logic Levels:           1  (LUT5=1)
  Clock Path Skew:        -0.022ns (DCD - SCD + CPR)
    Destination Clock Delay (DCD):    4.785ns = ( 14.785 - 10.000 ) 
    Source Clock Delay      (SCD):    5.085ns
    Clock Pessimism Removal (CPR):    0.278ns
  Clock Uncertainty:      0.035ns  ((TSJ^2 + TIJ^2)^1/2 + DJ) / 2 + PE
    Total System Jitter     (TSJ):    0.071ns
    Total Input Jitter      (TIJ):    0.000ns
    Discrete Jitter          (DJ):    0.000ns
    Phase Error              (PE):    0.000ns

    Location             Delay type                Incr(ns)  Path(ns)    Netlist Resource(s)
  -------------------------------------------------------------------    -------------------
                         (clock sys_clk_pin rise edge)
                                                      0.000     0.000 r  
    W5                                                0.000     0.000 r  basys3_clock (IN)
                         net (fo=0)                   0.000     0.000    basys3_clock
    W5                   IBUF (Prop_ibuf_I_O)         1.458     1.458 r  basys3_clock_IBUF_inst/O
                         net (fo=1, routed)           1.967     3.425    basys3_clock_IBUF
    BUFGCTRL_X0Y1        BUFG (Prop_bufg_I_O)         0.096     3.521 r  basys3_clock_IBUF_BUFG_inst/O
                         net (fo=5, routed)           1.564     5.085    clock/basys3_clock
    SLICE_X37Y41         FDRE                                         r  clock/COUNT_reg[1]/C
  -------------------------------------------------------------------    -------------------
    SLICE_X37Y41         FDRE (Prop_fdre_C_Q)         0.419     5.504 r  clock/COUNT_reg[1]/Q
                         net (fo=5, routed)           0.893     6.397    clock/COUNT_reg__0[1]
    SLICE_X36Y41         LUT5 (Prop_lut5_I1_O)        0.299     6.696 r  clock/custom_clock_i_1/O
                         net (fo=1, routed)           0.000     6.696    clock/custom_clock_i_1_n_0
    SLICE_X36Y41         FDRE                                         r  clock/custom_clock_reg/D
  -------------------------------------------------------------------    -------------------

                         (clock sys_clk_pin rise edge)
                                                     10.000    10.000 r  
    W5                                                0.000    10.000 r  basys3_clock (IN)
                         net (fo=0)                   0.000    10.000    basys3_clock
    W5                   IBUF (Prop_ibuf_I_O)         1.388    11.388 r  basys3_clock_IBUF_inst/O
                         net (fo=1, routed)           1.862    13.250    basys3_clock_IBUF
    BUFGCTRL_X0Y1        BUFG (Prop_bufg_I_O)         0.091    13.341 r  basys3_clock_IBUF_BUFG_inst/O
                         net (fo=5, routed)           1.444    14.785    clock/basys3_clock
    SLICE_X36Y41         FDRE                                         r  clock/custom_clock_reg/C
                         clock pessimism              0.278    15.063    
                         clock uncertainty           -0.035    15.028    
    SLICE_X36Y41         FDRE (Setup_fdre_C_D)        0.029    15.057    clock/custom_clock_reg
  -------------------------------------------------------------------
                         required time                         15.057    
                         arrival time                          -6.696    
  -------------------------------------------------------------------
                         slack                                  8.361    

Slack (MET) :             8.576ns  (required time - arrival time)
  Source:                 clock/COUNT_reg[0]/C
                            (rising edge-triggered cell FDRE clocked by sys_clk_pin  {rise@0.000ns fall@5.000ns period=10.000ns})
  Destination:            clock/COUNT_reg[0]/D
                            (rising edge-triggered cell FDRE clocked by sys_clk_pin  {rise@0.000ns fall@5.000ns period=10.000ns})
  Path Group:             sys_clk_pin
  Path Type:              Setup (Max at Slow Process Corner)
  Requirement:            10.000ns  (sys_clk_pin rise@10.000ns - sys_clk_pin rise@0.000ns)
  Data Path Delay:        1.417ns  (logic 0.580ns (40.919%)  route 0.837ns (59.081%))
  Logic Levels:           1  (LUT1=1)
  Clock Path Skew:        0.000ns (DCD - SCD + CPR)
    Destination Clock Delay (DCD):    4.785ns = ( 14.785 - 10.000 ) 
    Source Clock Delay      (SCD):    5.085ns
    Clock Pessimism Removal (CPR):    0.300ns
  Clock Uncertainty:      0.035ns  ((TSJ^2 + TIJ^2)^1/2 + DJ) / 2 + PE
    Total System Jitter     (TSJ):    0.071ns
    Total Input Jitter      (TIJ):    0.000ns
    Discrete Jitter          (DJ):    0.000ns
    Phase Error              (PE):    0.000ns

    Location             Delay type                Incr(ns)  Path(ns)    Netlist Resource(s)
  -------------------------------------------------------------------    -------------------
                         (clock sys_clk_pin rise edge)
                                                      0.000     0.000 r  
    W5                                                0.000     0.000 r  basys3_clock (IN)
                         net (fo=0)                   0.000     0.000    basys3_clock
    W5                   IBUF (Prop_ibuf_I_O)         1.458     1.458 r  basys3_clock_IBUF_inst/O
                         net (fo=1, routed)           1.967     3.425    basys3_clock_IBUF
    BUFGCTRL_X0Y1        BUFG (Prop_bufg_I_O)         0.096     3.521 r  basys3_clock_IBUF_BUFG_inst/O
                         net (fo=5, routed)           1.564     5.085    clock/basys3_clock
    SLICE_X37Y41         FDRE                                         r  clock/COUNT_reg[0]/C
  -------------------------------------------------------------------    -------------------
    SLICE_X37Y41         FDRE (Prop_fdre_C_Q)         0.456     5.541 f  clock/COUNT_reg[0]/Q
                         net (fo=6, routed)           0.837     6.379    clock/COUNT_reg__0[0]
    SLICE_X37Y41         LUT1 (Prop_lut1_I0_O)        0.124     6.503 r  clock/COUNT[0]_i_1/O
                         net (fo=1, routed)           0.000     6.503    clock/p_0_in__0[0]
    SLICE_X37Y41         FDRE                                         r  clock/COUNT_reg[0]/D
  -------------------------------------------------------------------    -------------------

                         (clock sys_clk_pin rise edge)
                                                     10.000    10.000 r  
    W5                                                0.000    10.000 r  basys3_clock (IN)
                         net (fo=0)                   0.000    10.000    basys3_clock
    W5                   IBUF (Prop_ibuf_I_O)         1.388    11.388 r  basys3_clock_IBUF_inst/O
                         net (fo=1, routed)           1.862    13.250    basys3_clock_IBUF
    BUFGCTRL_X0Y1        BUFG (Prop_bufg_I_O)         0.091    13.341 r  basys3_clock_IBUF_BUFG_inst/O
                         net (fo=5, routed)           1.444    14.785    clock/basys3_clock
    SLICE_X37Y41         FDRE                                         r  clock/COUNT_reg[0]/C
                         clock pessimism              0.300    15.085    
                         clock uncertainty           -0.035    15.050    
    SLICE_X37Y41         FDRE (Setup_fdre_C_D)        0.029    15.079    clock/COUNT_reg[0]
  -------------------------------------------------------------------
                         required time                         15.079    
                         arrival time                          -6.503    
  -------------------------------------------------------------------
                         slack                                  8.576    





Min Delay Paths
--------------------------------------------------------------------------------------
Slack (MET) :             0.202ns  (arrival time - required time)
  Source:                 clock/COUNT_reg[0]/C
                            (rising edge-triggered cell FDRE clocked by sys_clk_pin  {rise@0.000ns fall@5.000ns period=10.000ns})
  Destination:            clock/custom_clock_reg/D
                            (rising edge-triggered cell FDRE clocked by sys_clk_pin  {rise@0.000ns fall@5.000ns period=10.000ns})
  Path Group:             sys_clk_pin
  Path Type:              Hold (Min at Fast Process Corner)
  Requirement:            0.000ns  (sys_clk_pin rise@0.000ns - sys_clk_pin rise@0.000ns)
  Data Path Delay:        0.306ns  (logic 0.186ns (60.763%)  route 0.120ns (39.237%))
  Logic Levels:           1  (LUT5=1)
  Clock Path Skew:        0.013ns (DCD - SCD - CPR)
    Destination Clock Delay (DCD):    1.958ns
    Source Clock Delay      (SCD):    1.445ns
    Clock Pessimism Removal (CPR):    0.500ns

    Location             Delay type                Incr(ns)  Path(ns)    Netlist Resource(s)
  -------------------------------------------------------------------    -------------------
                         (clock sys_clk_pin rise edge)
                                                      0.000     0.000 r  
    W5                                                0.000     0.000 r  basys3_clock (IN)
                         net (fo=0)                   0.000     0.000    basys3_clock
    W5                   IBUF (Prop_ibuf_I_O)         0.226     0.226 r  basys3_clock_IBUF_inst/O
                         net (fo=1, routed)           0.631     0.858    basys3_clock_IBUF
    BUFGCTRL_X0Y1        BUFG (Prop_bufg_I_O)         0.026     0.884 r  basys3_clock_IBUF_BUFG_inst/O
                         net (fo=5, routed)           0.562     1.445    clock/basys3_clock
    SLICE_X37Y41         FDRE                                         r  clock/COUNT_reg[0]/C
  -------------------------------------------------------------------    -------------------
    SLICE_X37Y41         FDRE (Prop_fdre_C_Q)         0.141     1.586 r  clock/COUNT_reg[0]/Q
                         net (fo=6, routed)           0.120     1.706    clock/COUNT_reg__0[0]
    SLICE_X36Y41         LUT5 (Prop_lut5_I0_O)        0.045     1.751 r  clock/custom_clock_i_1/O
                         net (fo=1, routed)           0.000     1.751    clock/custom_clock_i_1_n_0
    SLICE_X36Y41         FDRE                                         r  clock/custom_clock_reg/D
  -------------------------------------------------------------------    -------------------

                         (clock sys_clk_pin rise edge)
                                                      0.000     0.000 r  
    W5                                                0.000     0.000 r  basys3_clock (IN)
                         net (fo=0)                   0.000     0.000    basys3_clock
    W5                   IBUF (Prop_ibuf_I_O)         0.414     0.414 r  basys3_clock_IBUF_inst/O
                         net (fo=1, routed)           0.685     1.099    basys3_clock_IBUF
    BUFGCTRL_X0Y1        BUFG (Prop_bufg_I_O)         0.029     1.128 r  basys3_clock_IBUF_BUFG_inst/O
                         net (fo=5, routed)           0.831     1.958    clock/basys3_clock
    SLICE_X36Y41         FDRE                                         r  clock/custom_clock_reg/C
                         clock pessimism             -0.500     1.458    
    SLICE_X36Y41         FDRE (Hold_fdre_C_D)         0.091     1.549    clock/custom_clock_reg
  -------------------------------------------------------------------
                         required time                         -1.549    
                         arrival time                           1.751    
  -------------------------------------------------------------------
                         slack                                  0.202    

Slack (MET) :             0.258ns  (arrival time - required time)
  Source:                 clock/COUNT_reg[0]/C
                            (rising edge-triggered cell FDRE clocked by sys_clk_pin  {rise@0.000ns fall@5.000ns period=10.000ns})
  Destination:            clock/COUNT_reg[3]/D
                            (rising edge-triggered cell FDRE clocked by sys_clk_pin  {rise@0.000ns fall@5.000ns period=10.000ns})
  Path Group:             sys_clk_pin
  Path Type:              Hold (Min at Fast Process Corner)
  Requirement:            0.000ns  (sys_clk_pin rise@0.000ns - sys_clk_pin rise@0.000ns)
  Data Path Delay:        0.365ns  (logic 0.184ns (50.364%)  route 0.181ns (49.636%))
  Logic Levels:           1  (LUT4=1)
  Clock Path Skew:        0.000ns (DCD - SCD - CPR)
    Destination Clock Delay (DCD):    1.958ns
    Source Clock Delay      (SCD):    1.445ns
    Clock Pessimism Removal (CPR):    0.513ns

    Location             Delay type                Incr(ns)  Path(ns)    Netlist Resource(s)
  -------------------------------------------------------------------    -------------------
                         (clock sys_clk_pin rise edge)
                                                      0.000     0.000 r  
    W5                                                0.000     0.000 r  basys3_clock (IN)
                         net (fo=0)                   0.000     0.000    basys3_clock
    W5                   IBUF (Prop_ibuf_I_O)         0.226     0.226 r  basys3_clock_IBUF_inst/O
                         net (fo=1, routed)           0.631     0.858    basys3_clock_IBUF
    BUFGCTRL_X0Y1        BUFG (Prop_bufg_I_O)         0.026     0.884 r  basys3_clock_IBUF_BUFG_inst/O
                         net (fo=5, routed)           0.562     1.445    clock/basys3_clock
    SLICE_X37Y41         FDRE                                         r  clock/COUNT_reg[0]/C
  -------------------------------------------------------------------    -------------------
    SLICE_X37Y41         FDRE (Prop_fdre_C_Q)         0.141     1.586 r  clock/COUNT_reg[0]/Q
                         net (fo=6, routed)           0.181     1.767    clock/COUNT_reg__0[0]
    SLICE_X37Y41         LUT4 (Prop_lut4_I0_O)        0.043     1.810 r  clock/COUNT[3]_i_1/O
                         net (fo=1, routed)           0.000     1.810    clock/p_0_in__0[3]
    SLICE_X37Y41         FDRE                                         r  clock/COUNT_reg[3]/D
  -------------------------------------------------------------------    -------------------

                         (clock sys_clk_pin rise edge)
                                                      0.000     0.000 r  
    W5                                                0.000     0.000 r  basys3_clock (IN)
                         net (fo=0)                   0.000     0.000    basys3_clock
    W5                   IBUF (Prop_ibuf_I_O)         0.414     0.414 r  basys3_clock_IBUF_inst/O
                         net (fo=1, routed)           0.685     1.099    basys3_clock_IBUF
    BUFGCTRL_X0Y1        BUFG (Prop_bufg_I_O)         0.029     1.128 r  basys3_clock_IBUF_BUFG_inst/O
                         net (fo=5, routed)           0.831     1.958    clock/basys3_clock
    SLICE_X37Y41         FDRE                                         r  clock/COUNT_reg[3]/C
                         clock pessimism             -0.513     1.445    
    SLICE_X37Y41         FDRE (Hold_fdre_C_D)         0.107     1.552    clock/COUNT_reg[3]
  -------------------------------------------------------------------
                         required time                         -1.552    
                         arrival time                           1.810    
  -------------------------------------------------------------------
                         slack                                  0.258    

Slack (MET) :             0.275ns  (arrival time - required time)
  Source:                 clock/COUNT_reg[0]/C
                            (rising edge-triggered cell FDRE clocked by sys_clk_pin  {rise@0.000ns fall@5.000ns period=10.000ns})
  Destination:            clock/COUNT_reg[2]/D
                            (rising edge-triggered cell FDRE clocked by sys_clk_pin  {rise@0.000ns fall@5.000ns period=10.000ns})
  Path Group:             sys_clk_pin
  Path Type:              Hold (Min at Fast Process Corner)
  Requirement:            0.000ns  (sys_clk_pin rise@0.000ns - sys_clk_pin rise@0.000ns)
  Data Path Delay:        0.367ns  (logic 0.186ns (50.634%)  route 0.181ns (49.366%))
  Logic Levels:           1  (LUT3=1)
  Clock Path Skew:        0.000ns (DCD - SCD - CPR)
    Destination Clock Delay (DCD):    1.958ns
    Source Clock Delay      (SCD):    1.445ns
    Clock Pessimism Removal (CPR):    0.513ns

    Location             Delay type                Incr(ns)  Path(ns)    Netlist Resource(s)
  -------------------------------------------------------------------    -------------------
                         (clock sys_clk_pin rise edge)
                                                      0.000     0.000 r  
    W5                                                0.000     0.000 r  basys3_clock (IN)
                         net (fo=0)                   0.000     0.000    basys3_clock
    W5                   IBUF (Prop_ibuf_I_O)         0.226     0.226 r  basys3_clock_IBUF_inst/O
                         net (fo=1, routed)           0.631     0.858    basys3_clock_IBUF
    BUFGCTRL_X0Y1        BUFG (Prop_bufg_I_O)         0.026     0.884 r  basys3_clock_IBUF_BUFG_inst/O
                         net (fo=5, routed)           0.562     1.445    clock/basys3_clock
    SLICE_X37Y41         FDRE                                         r  clock/COUNT_reg[0]/C
  -------------------------------------------------------------------    -------------------
    SLICE_X37Y41         FDRE (Prop_fdre_C_Q)         0.141     1.586 r  clock/COUNT_reg[0]/Q
                         net (fo=6, routed)           0.181     1.767    clock/COUNT_reg__0[0]
    SLICE_X37Y41         LUT3 (Prop_lut3_I1_O)        0.045     1.812 r  clock/COUNT[2]_i_1/O
                         net (fo=1, routed)           0.000     1.812    clock/COUNT[2]_i_1_n_0
    SLICE_X37Y41         FDRE                                         r  clock/COUNT_reg[2]/D
  -------------------------------------------------------------------    -------------------

                         (clock sys_clk_pin rise edge)
                                                      0.000     0.000 r  
    W5                                                0.000     0.000 r  basys3_clock (IN)
                         net (fo=0)                   0.000     0.000    basys3_clock
    W5                   IBUF (Prop_ibuf_I_O)         0.414     0.414 r  basys3_clock_IBUF_inst/O
                         net (fo=1, routed)           0.685     1.099    basys3_clock_IBUF
    BUFGCTRL_X0Y1        BUFG (Prop_bufg_I_O)         0.029     1.128 r  basys3_clock_IBUF_BUFG_inst/O
                         net (fo=5, routed)           0.831     1.958    clock/basys3_clock
    SLICE_X37Y41         FDRE                                         r  clock/COUNT_reg[2]/C
                         clock pessimism             -0.513     1.445    
    SLICE_X37Y41         FDRE (Hold_fdre_C_D)         0.092     1.537    clock/COUNT_reg[2]
  -------------------------------------------------------------------
                         required time                         -1.537    
                         arrival time                           1.812    
  -------------------------------------------------------------------
                         slack                                  0.275    

Slack (MET) :             0.384ns  (arrival time - required time)
  Source:                 clock/COUNT_reg[0]/C
                            (rising edge-triggered cell FDRE clocked by sys_clk_pin  {rise@0.000ns fall@5.000ns period=10.000ns})
  Destination:            clock/COUNT_reg[1]/D
                            (rising edge-triggered cell FDRE clocked by sys_clk_pin  {rise@0.000ns fall@5.000ns period=10.000ns})
  Path Group:             sys_clk_pin
  Path Type:              Hold (Min at Fast Process Corner)
  Requirement:            0.000ns  (sys_clk_pin rise@0.000ns - sys_clk_pin rise@0.000ns)
  Data Path Delay:        0.491ns  (logic 0.185ns (37.646%)  route 0.306ns (62.354%))
  Logic Levels:           1  (LUT2=1)
  Clock Path Skew:        0.000ns (DCD - SCD - CPR)
    Destination Clock Delay (DCD):    1.958ns
    Source Clock Delay      (SCD):    1.445ns
    Clock Pessimism Removal (CPR):    0.513ns

    Location             Delay type                Incr(ns)  Path(ns)    Netlist Resource(s)
  -------------------------------------------------------------------    -------------------
                         (clock sys_clk_pin rise edge)
                                                      0.000     0.000 r  
    W5                                                0.000     0.000 r  basys3_clock (IN)
                         net (fo=0)                   0.000     0.000    basys3_clock
    W5                   IBUF (Prop_ibuf_I_O)         0.226     0.226 r  basys3_clock_IBUF_inst/O
                         net (fo=1, routed)           0.631     0.858    basys3_clock_IBUF
    BUFGCTRL_X0Y1        BUFG (Prop_bufg_I_O)         0.026     0.884 r  basys3_clock_IBUF_BUFG_inst/O
                         net (fo=5, routed)           0.562     1.445    clock/basys3_clock
    SLICE_X37Y41         FDRE                                         r  clock/COUNT_reg[0]/C
  -------------------------------------------------------------------    -------------------
    SLICE_X37Y41         FDRE (Prop_fdre_C_Q)         0.141     1.586 r  clock/COUNT_reg[0]/Q
                         net (fo=6, routed)           0.306     1.893    clock/COUNT_reg__0[0]
    SLICE_X37Y41         LUT2 (Prop_lut2_I0_O)        0.044     1.937 r  clock/COUNT[1]_i_1/O
                         net (fo=1, routed)           0.000     1.937    clock/p_0_in__0[1]
    SLICE_X37Y41         FDRE                                         r  clock/COUNT_reg[1]/D
  -------------------------------------------------------------------    -------------------

                         (clock sys_clk_pin rise edge)
                                                      0.000     0.000 r  
    W5                                                0.000     0.000 r  basys3_clock (IN)
                         net (fo=0)                   0.000     0.000    basys3_clock
    W5                   IBUF (Prop_ibuf_I_O)         0.414     0.414 r  basys3_clock_IBUF_inst/O
                         net (fo=1, routed)           0.685     1.099    basys3_clock_IBUF
    BUFGCTRL_X0Y1        BUFG (Prop_bufg_I_O)         0.029     1.128 r  basys3_clock_IBUF_BUFG_inst/O
                         net (fo=5, routed)           0.831     1.958    clock/basys3_clock
    SLICE_X37Y41         FDRE                                         r  clock/COUNT_reg[1]/C
                         clock pessimism             -0.513     1.445    
    SLICE_X37Y41         FDRE (Hold_fdre_C_D)         0.107     1.552    clock/COUNT_reg[1]
  -------------------------------------------------------------------
                         required time                         -1.552    
                         arrival time                           1.937    
  -------------------------------------------------------------------
                         slack                                  0.384    

Slack (MET) :             0.401ns  (arrival time - required time)
  Source:                 clock/COUNT_reg[0]/C
                            (rising edge-triggered cell FDRE clocked by sys_clk_pin  {rise@0.000ns fall@5.000ns period=10.000ns})
  Destination:            clock/COUNT_reg[0]/D
                            (rising edge-triggered cell FDRE clocked by sys_clk_pin  {rise@0.000ns fall@5.000ns period=10.000ns})
  Path Group:             sys_clk_pin
  Path Type:              Hold (Min at Fast Process Corner)
  Requirement:            0.000ns  (sys_clk_pin rise@0.000ns - sys_clk_pin rise@0.000ns)
  Data Path Delay:        0.492ns  (logic 0.186ns (37.773%)  route 0.306ns (62.227%))
  Logic Levels:           1  (LUT1=1)
  Clock Path Skew:        0.000ns (DCD - SCD - CPR)
    Destination Clock Delay (DCD):    1.958ns
    Source Clock Delay      (SCD):    1.445ns
    Clock Pessimism Removal (CPR):    0.513ns

    Location             Delay type                Incr(ns)  Path(ns)    Netlist Resource(s)
  -------------------------------------------------------------------    -------------------
                         (clock sys_clk_pin rise edge)
                                                      0.000     0.000 r  
    W5                                                0.000     0.000 r  basys3_clock (IN)
                         net (fo=0)                   0.000     0.000    basys3_clock
    W5                   IBUF (Prop_ibuf_I_O)         0.226     0.226 r  basys3_clock_IBUF_inst/O
                         net (fo=1, routed)           0.631     0.858    basys3_clock_IBUF
    BUFGCTRL_X0Y1        BUFG (Prop_bufg_I_O)         0.026     0.884 r  basys3_clock_IBUF_BUFG_inst/O
                         net (fo=5, routed)           0.562     1.445    clock/basys3_clock
    SLICE_X37Y41         FDRE                                         r  clock/COUNT_reg[0]/C
  -------------------------------------------------------------------    -------------------
    SLICE_X37Y41         FDRE (Prop_fdre_C_Q)         0.141     1.586 f  clock/COUNT_reg[0]/Q
                         net (fo=6, routed)           0.306     1.893    clock/COUNT_reg__0[0]
    SLICE_X37Y41         LUT1 (Prop_lut1_I0_O)        0.045     1.938 r  clock/COUNT[0]_i_1/O
                         net (fo=1, routed)           0.000     1.938    clock/p_0_in__0[0]
    SLICE_X37Y41         FDRE                                         r  clock/COUNT_reg[0]/D
  -------------------------------------------------------------------    -------------------

                         (clock sys_clk_pin rise edge)
                                                      0.000     0.000 r  
    W5                                                0.000     0.000 r  basys3_clock (IN)
                         net (fo=0)                   0.000     0.000    basys3_clock
    W5                   IBUF (Prop_ibuf_I_O)         0.414     0.414 r  basys3_clock_IBUF_inst/O
                         net (fo=1, routed)           0.685     1.099    basys3_clock_IBUF
    BUFGCTRL_X0Y1        BUFG (Prop_bufg_I_O)         0.029     1.128 r  basys3_clock_IBUF_BUFG_inst/O
                         net (fo=5, routed)           0.831     1.958    clock/basys3_clock
    SLICE_X37Y41         FDRE                                         r  clock/COUNT_reg[0]/C
                         clock pessimism             -0.513     1.445    
    SLICE_X37Y41         FDRE (Hold_fdre_C_D)         0.091     1.536    clock/COUNT_reg[0]
  -------------------------------------------------------------------
                         required time                         -1.536    
                         arrival time                           1.938    
  -------------------------------------------------------------------
                         slack                                  0.401    

Slack (MET) :             0.602ns  (arrival time - required time)
  Source:                 clock/COUNT_reg[0]/C
                            (rising edge-triggered cell FDRE clocked by sys_clk_pin  {rise@0.000ns fall@5.000ns period=10.000ns})
  Destination:            clock/COUNT_reg[0]/R
                            (rising edge-triggered cell FDRE clocked by sys_clk_pin  {rise@0.000ns fall@5.000ns period=10.000ns})
  Path Group:             sys_clk_pin
  Path Type:              Hold (Min at Fast Process Corner)
  Requirement:            0.000ns  (sys_clk_pin rise@0.000ns - sys_clk_pin rise@0.000ns)
  Data Path Delay:        0.584ns  (logic 0.186ns (31.839%)  route 0.398ns (68.161%))
  Logic Levels:           1  (LUT4=1)
  Clock Path Skew:        0.000ns (DCD - SCD - CPR)
    Destination Clock Delay (DCD):    1.958ns
    Source Clock Delay      (SCD):    1.445ns
    Clock Pessimism Removal (CPR):    0.513ns

    Location             Delay type                Incr(ns)  Path(ns)    Netlist Resource(s)
  -------------------------------------------------------------------    -------------------
                         (clock sys_clk_pin rise edge)
                                                      0.000     0.000 r  
    W5                                                0.000     0.000 r  basys3_clock (IN)
                         net (fo=0)                   0.000     0.000    basys3_clock
    W5                   IBUF (Prop_ibuf_I_O)         0.226     0.226 r  basys3_clock_IBUF_inst/O
                         net (fo=1, routed)           0.631     0.858    basys3_clock_IBUF
    BUFGCTRL_X0Y1        BUFG (Prop_bufg_I_O)         0.026     0.884 r  basys3_clock_IBUF_BUFG_inst/O
                         net (fo=5, routed)           0.562     1.445    clock/basys3_clock
    SLICE_X37Y41         FDRE                                         r  clock/COUNT_reg[0]/C
  -------------------------------------------------------------------    -------------------
    SLICE_X37Y41         FDRE (Prop_fdre_C_Q)         0.141     1.586 r  clock/COUNT_reg[0]/Q
                         net (fo=6, routed)           0.167     1.754    clock/COUNT_reg__0[0]
    SLICE_X37Y41         LUT4 (Prop_lut4_I3_O)        0.045     1.799 r  clock/COUNT0/O
                         net (fo=4, routed)           0.231     2.029    clock/clear
    SLICE_X37Y41         FDRE                                         r  clock/COUNT_reg[0]/R
  -------------------------------------------------------------------    -------------------

                         (clock sys_clk_pin rise edge)
                                                      0.000     0.000 r  
    W5                                                0.000     0.000 r  basys3_clock (IN)
                         net (fo=0)                   0.000     0.000    basys3_clock
    W5                   IBUF (Prop_ibuf_I_O)         0.414     0.414 r  basys3_clock_IBUF_inst/O
                         net (fo=1, routed)           0.685     1.099    basys3_clock_IBUF
    BUFGCTRL_X0Y1        BUFG (Prop_bufg_I_O)         0.029     1.128 r  basys3_clock_IBUF_BUFG_inst/O
                         net (fo=5, routed)           0.831     1.958    clock/basys3_clock
    SLICE_X37Y41         FDRE                                         r  clock/COUNT_reg[0]/C
                         clock pessimism             -0.513     1.445    
    SLICE_X37Y41         FDRE (Hold_fdre_C_R)        -0.018     1.427    clock/COUNT_reg[0]
  -------------------------------------------------------------------
                         required time                         -1.427    
                         arrival time                           2.029    
  -------------------------------------------------------------------
                         slack                                  0.602    

Slack (MET) :             0.602ns  (arrival time - required time)
  Source:                 clock/COUNT_reg[0]/C
                            (rising edge-triggered cell FDRE clocked by sys_clk_pin  {rise@0.000ns fall@5.000ns period=10.000ns})
  Destination:            clock/COUNT_reg[1]/R
                            (rising edge-triggered cell FDRE clocked by sys_clk_pin  {rise@0.000ns fall@5.000ns period=10.000ns})
  Path Group:             sys_clk_pin
  Path Type:              Hold (Min at Fast Process Corner)
  Requirement:            0.000ns  (sys_clk_pin rise@0.000ns - sys_clk_pin rise@0.000ns)
  Data Path Delay:        0.584ns  (logic 0.186ns (31.839%)  route 0.398ns (68.161%))
  Logic Levels:           1  (LUT4=1)
  Clock Path Skew:        0.000ns (DCD - SCD - CPR)
    Destination Clock Delay (DCD):    1.958ns
    Source Clock Delay      (SCD):    1.445ns
    Clock Pessimism Removal (CPR):    0.513ns

    Location             Delay type                Incr(ns)  Path(ns)    Netlist Resource(s)
  -------------------------------------------------------------------    -------------------
                         (clock sys_clk_pin rise edge)
                                                      0.000     0.000 r  
    W5                                                0.000     0.000 r  basys3_clock (IN)
                         net (fo=0)                   0.000     0.000    basys3_clock
    W5                   IBUF (Prop_ibuf_I_O)         0.226     0.226 r  basys3_clock_IBUF_inst/O
                         net (fo=1, routed)           0.631     0.858    basys3_clock_IBUF
    BUFGCTRL_X0Y1        BUFG (Prop_bufg_I_O)         0.026     0.884 r  basys3_clock_IBUF_BUFG_inst/O
                         net (fo=5, routed)           0.562     1.445    clock/basys3_clock
    SLICE_X37Y41         FDRE                                         r  clock/COUNT_reg[0]/C
  -------------------------------------------------------------------    -------------------
    SLICE_X37Y41         FDRE (Prop_fdre_C_Q)         0.141     1.586 r  clock/COUNT_reg[0]/Q
                         net (fo=6, routed)           0.167     1.754    clock/COUNT_reg__0[0]
    SLICE_X37Y41         LUT4 (Prop_lut4_I3_O)        0.045     1.799 r  clock/COUNT0/O
                         net (fo=4, routed)           0.231     2.029    clock/clear
    SLICE_X37Y41         FDRE                                         r  clock/COUNT_reg[1]/R
  -------------------------------------------------------------------    -------------------

                         (clock sys_clk_pin rise edge)
                                                      0.000     0.000 r  
    W5                                                0.000     0.000 r  basys3_clock (IN)
                         net (fo=0)                   0.000     0.000    basys3_clock
    W5                   IBUF (Prop_ibuf_I_O)         0.414     0.414 r  basys3_clock_IBUF_inst/O
                         net (fo=1, routed)           0.685     1.099    basys3_clock_IBUF
    BUFGCTRL_X0Y1        BUFG (Prop_bufg_I_O)         0.029     1.128 r  basys3_clock_IBUF_BUFG_inst/O
                         net (fo=5, routed)           0.831     1.958    clock/basys3_clock
    SLICE_X37Y41         FDRE                                         r  clock/COUNT_reg[1]/C
                         clock pessimism             -0.513     1.445    
    SLICE_X37Y41         FDRE (Hold_fdre_C_R)        -0.018     1.427    clock/COUNT_reg[1]
  -------------------------------------------------------------------
                         required time                         -1.427    
                         arrival time                           2.029    
  -------------------------------------------------------------------
                         slack                                  0.602    

Slack (MET) :             0.602ns  (arrival time - required time)
  Source:                 clock/COUNT_reg[0]/C
                            (rising edge-triggered cell FDRE clocked by sys_clk_pin  {rise@0.000ns fall@5.000ns period=10.000ns})
  Destination:            clock/COUNT_reg[2]/R
                            (rising edge-triggered cell FDRE clocked by sys_clk_pin  {rise@0.000ns fall@5.000ns period=10.000ns})
  Path Group:             sys_clk_pin
  Path Type:              Hold (Min at Fast Process Corner)
  Requirement:            0.000ns  (sys_clk_pin rise@0.000ns - sys_clk_pin rise@0.000ns)
  Data Path Delay:        0.584ns  (logic 0.186ns (31.839%)  route 0.398ns (68.161%))
  Logic Levels:           1  (LUT4=1)
  Clock Path Skew:        0.000ns (DCD - SCD - CPR)
    Destination Clock Delay (DCD):    1.958ns
    Source Clock Delay      (SCD):    1.445ns
    Clock Pessimism Removal (CPR):    0.513ns

    Location             Delay type                Incr(ns)  Path(ns)    Netlist Resource(s)
  -------------------------------------------------------------------    -------------------
                         (clock sys_clk_pin rise edge)
                                                      0.000     0.000 r  
    W5                                                0.000     0.000 r  basys3_clock (IN)
                         net (fo=0)                   0.000     0.000    basys3_clock
    W5                   IBUF (Prop_ibuf_I_O)         0.226     0.226 r  basys3_clock_IBUF_inst/O
                         net (fo=1, routed)           0.631     0.858    basys3_clock_IBUF
    BUFGCTRL_X0Y1        BUFG (Prop_bufg_I_O)         0.026     0.884 r  basys3_clock_IBUF_BUFG_inst/O
                         net (fo=5, routed)           0.562     1.445    clock/basys3_clock
    SLICE_X37Y41         FDRE                                         r  clock/COUNT_reg[0]/C
  -------------------------------------------------------------------    -------------------
    SLICE_X37Y41         FDRE (Prop_fdre_C_Q)         0.141     1.586 r  clock/COUNT_reg[0]/Q
                         net (fo=6, routed)           0.167     1.754    clock/COUNT_reg__0[0]
    SLICE_X37Y41         LUT4 (Prop_lut4_I3_O)        0.045     1.799 r  clock/COUNT0/O
                         net (fo=4, routed)           0.231     2.029    clock/clear
    SLICE_X37Y41         FDRE                                         r  clock/COUNT_reg[2]/R
  -------------------------------------------------------------------    -------------------

                         (clock sys_clk_pin rise edge)
                                                      0.000     0.000 r  
    W5                                                0.000     0.000 r  basys3_clock (IN)
                         net (fo=0)                   0.000     0.000    basys3_clock
    W5                   IBUF (Prop_ibuf_I_O)         0.414     0.414 r  basys3_clock_IBUF_inst/O
                         net (fo=1, routed)           0.685     1.099    basys3_clock_IBUF
    BUFGCTRL_X0Y1        BUFG (Prop_bufg_I_O)         0.029     1.128 r  basys3_clock_IBUF_BUFG_inst/O
                         net (fo=5, routed)           0.831     1.958    clock/basys3_clock
    SLICE_X37Y41         FDRE                                         r  clock/COUNT_reg[2]/C
                         clock pessimism             -0.513     1.445    
    SLICE_X37Y41         FDRE (Hold_fdre_C_R)        -0.018     1.427    clock/COUNT_reg[2]
  -------------------------------------------------------------------
                         required time                         -1.427    
                         arrival time                           2.029    
  -------------------------------------------------------------------
                         slack                                  0.602    

Slack (MET) :             0.602ns  (arrival time - required time)
  Source:                 clock/COUNT_reg[0]/C
                            (rising edge-triggered cell FDRE clocked by sys_clk_pin  {rise@0.000ns fall@5.000ns period=10.000ns})
  Destination:            clock/COUNT_reg[3]/R
                            (rising edge-triggered cell FDRE clocked by sys_clk_pin  {rise@0.000ns fall@5.000ns period=10.000ns})
  Path Group:             sys_clk_pin
  Path Type:              Hold (Min at Fast Process Corner)
  Requirement:            0.000ns  (sys_clk_pin rise@0.000ns - sys_clk_pin rise@0.000ns)
  Data Path Delay:        0.584ns  (logic 0.186ns (31.839%)  route 0.398ns (68.161%))
  Logic Levels:           1  (LUT4=1)
  Clock Path Skew:        0.000ns (DCD - SCD - CPR)
    Destination Clock Delay (DCD):    1.958ns
    Source Clock Delay      (SCD):    1.445ns
    Clock Pessimism Removal (CPR):    0.513ns

    Location             Delay type                Incr(ns)  Path(ns)    Netlist Resource(s)
  -------------------------------------------------------------------    -------------------
                         (clock sys_clk_pin rise edge)
                                                      0.000     0.000 r  
    W5                                                0.000     0.000 r  basys3_clock (IN)
                         net (fo=0)                   0.000     0.000    basys3_clock
    W5                   IBUF (Prop_ibuf_I_O)         0.226     0.226 r  basys3_clock_IBUF_inst/O
                         net (fo=1, routed)           0.631     0.858    basys3_clock_IBUF
    BUFGCTRL_X0Y1        BUFG (Prop_bufg_I_O)         0.026     0.884 r  basys3_clock_IBUF_BUFG_inst/O
                         net (fo=5, routed)           0.562     1.445    clock/basys3_clock
    SLICE_X37Y41         FDRE                                         r  clock/COUNT_reg[0]/C
  -------------------------------------------------------------------    -------------------
    SLICE_X37Y41         FDRE (Prop_fdre_C_Q)         0.141     1.586 r  clock/COUNT_reg[0]/Q
                         net (fo=6, routed)           0.167     1.754    clock/COUNT_reg__0[0]
    SLICE_X37Y41         LUT4 (Prop_lut4_I3_O)        0.045     1.799 r  clock/COUNT0/O
                         net (fo=4, routed)           0.231     2.029    clock/clear
    SLICE_X37Y41         FDRE                                         r  clock/COUNT_reg[3]/R
  -------------------------------------------------------------------    -------------------

                         (clock sys_clk_pin rise edge)
                                                      0.000     0.000 r  
    W5                                                0.000     0.000 r  basys3_clock (IN)
                         net (fo=0)                   0.000     0.000    basys3_clock
    W5                   IBUF (Prop_ibuf_I_O)         0.414     0.414 r  basys3_clock_IBUF_inst/O
                         net (fo=1, routed)           0.685     1.099    basys3_clock_IBUF
    BUFGCTRL_X0Y1        BUFG (Prop_bufg_I_O)         0.029     1.128 r  basys3_clock_IBUF_BUFG_inst/O
                         net (fo=5, routed)           0.831     1.958    clock/basys3_clock
    SLICE_X37Y41         FDRE                                         r  clock/COUNT_reg[3]/C
                         clock pessimism             -0.513     1.445    
    SLICE_X37Y41         FDRE (Hold_fdre_C_R)        -0.018     1.427    clock/COUNT_reg[3]
  -------------------------------------------------------------------
                         required time                         -1.427    
                         arrival time                           2.029    
  -------------------------------------------------------------------
                         slack                                  0.602    





Pulse Width Checks
--------------------------------------------------------------------------------------
Clock Name:         sys_clk_pin
Waveform(ns):       { 0.000 5.000 }
Period(ns):         10.000
Sources:            { basys3_clock }

Check Type        Corner  Lib Pin  Reference Pin  Required(ns)  Actual(ns)  Slack(ns)  Location       Pin
Min Period        n/a     BUFG/I   n/a            2.155         10.000      7.845      BUFGCTRL_X0Y1  basys3_clock_IBUF_BUFG_inst/I
Min Period        n/a     FDRE/C   n/a            1.000         10.000      9.000      SLICE_X37Y41   clock/COUNT_reg[0]/C
Min Period        n/a     FDRE/C   n/a            1.000         10.000      9.000      SLICE_X37Y41   clock/COUNT_reg[1]/C
Min Period        n/a     FDRE/C   n/a            1.000         10.000      9.000      SLICE_X37Y41   clock/COUNT_reg[2]/C
Min Period        n/a     FDRE/C   n/a            1.000         10.000      9.000      SLICE_X37Y41   clock/COUNT_reg[3]/C
Min Period        n/a     FDRE/C   n/a            1.000         10.000      9.000      SLICE_X36Y41   clock/custom_clock_reg/C
Low Pulse Width   Fast    FDRE/C   n/a            0.500         5.000       4.500      SLICE_X37Y41   clock/COUNT_reg[0]/C
Low Pulse Width   Fast    FDRE/C   n/a            0.500         5.000       4.500      SLICE_X37Y41   clock/COUNT_reg[1]/C
Low Pulse Width   Fast    FDRE/C   n/a            0.500         5.000       4.500      SLICE_X37Y41   clock/COUNT_reg[2]/C
Low Pulse Width   Fast    FDRE/C   n/a            0.500         5.000       4.500      SLICE_X37Y41   clock/COUNT_reg[3]/C
Low Pulse Width   Fast    FDRE/C   n/a            0.500         5.000       4.500      SLICE_X36Y41   clock/custom_clock_reg/C
Low Pulse Width   Slow    FDRE/C   n/a            0.500         5.000       4.500      SLICE_X37Y41   clock/COUNT_reg[0]/C
Low Pulse Width   Slow    FDRE/C   n/a            0.500         5.000       4.500      SLICE_X37Y41   clock/COUNT_reg[1]/C
Low Pulse Width   Slow    FDRE/C   n/a            0.500         5.000       4.500      SLICE_X37Y41   clock/COUNT_reg[2]/C
Low Pulse Width   Slow    FDRE/C   n/a            0.500         5.000       4.500      SLICE_X37Y41   clock/COUNT_reg[3]/C
Low Pulse Width   Slow    FDRE/C   n/a            0.500         5.000       4.500      SLICE_X36Y41   clock/custom_clock_reg/C
High Pulse Width  Slow    FDRE/C   n/a            0.500         5.000       4.500      SLICE_X37Y41   clock/COUNT_reg[0]/C
High Pulse Width  Fast    FDRE/C   n/a            0.500         5.000       4.500      SLICE_X37Y41   clock/COUNT_reg[0]/C
High Pulse Width  Slow    FDRE/C   n/a            0.500         5.000       4.500      SLICE_X37Y41   clock/COUNT_reg[1]/C
High Pulse Width  Fast    FDRE/C   n/a            0.500         5.000       4.500      SLICE_X37Y41   clock/COUNT_reg[1]/C
High Pulse Width  Slow    FDRE/C   n/a            0.500         5.000       4.500      SLICE_X37Y41   clock/COUNT_reg[2]/C
High Pulse Width  Fast    FDRE/C   n/a            0.500         5.000       4.500      SLICE_X37Y41   clock/COUNT_reg[2]/C
High Pulse Width  Slow    FDRE/C   n/a            0.500         5.000       4.500      SLICE_X37Y41   clock/COUNT_reg[3]/C
High Pulse Width  Fast    FDRE/C   n/a            0.500         5.000       4.500      SLICE_X37Y41   clock/COUNT_reg[3]/C
High Pulse Width  Slow    FDRE/C   n/a            0.500         5.000       4.500      SLICE_X36Y41   clock/custom_clock_reg/C
High Pulse Width  Fast    FDRE/C   n/a            0.500         5.000       4.500      SLICE_X36Y41   clock/custom_clock_reg/C



